<?xml version="1.0" encoding="UTF-8"?>
<testsuite xmlns:xsi="http://www.w3.org/2001/XMLSchema-instance" xsi:noNamespaceSchemaLocation="https://maven.apache.org/surefire/maven-surefire-plugin/xsd/surefire-test-report.xsd" name="com.ucsp09.app.AppTest" time="0.011" tests="7" errors="0" skipped="0" failures="0">
  <properties>
[...]
</properties>
  <testcase name="testnchars" classname="com.ucsp09.app.AppTest" time="0.001"/>
  <testcase name="test0chars" classname="com.ucsp09.app.AppTest" time="0.001"/>
  <testcase name="test1chars" classname="com.ucsp09.app.AppTest" time="0"/>
  <testcase name="test2chars" classname="com.ucsp09.app.AppTest" time="0"/>
  <testcase name="test3chars" classname="com.ucsp09.app.AppTest" time="0"/>
  <testcase name="test4chars" classname="com.ucsp09.app.AppTest" time="0"/>
  <testcase name="test5chars" classname="com.ucsp09.app.AppTest" time="0"/>
</testsuite>